[    0.000000] Initializing cgroup subsys cpuset
[    0.000000] Initializing cgroup subsys cpu
[    0.000000] Initializing cgroup subsys cpuacct
[    0.000000] Linux version 4.4.0-201-generic (buildd@lgw01-amd64-044) (gcc version 5.4.0 20160609 (Ubuntu 5.4.0-6ubuntu1~16.04.12) ) #233-Ubuntu SMP Thu Jan 14 06:10:28 UTC 2021 (Ubuntu 4.4.0-201.233-generic 4.4.247)
[    0.000000] Command line: BOOT_IMAGE=/boot/vmlinuz-4.4.0-201-generic root=LABEL=cloudimg-rootfs ro console=tty1 console=ttyS0
[    0.000000] KERNEL supported cpus:
[    0.000000]   Intel GenuineIntel
[    0.000000]   AMD AuthenticAMD
[    0.000000]   Centaur CentaurHauls
[    0.000000] x86/fpu: Legacy x87 FPU detected.
[    0.000000] e820: BIOS-provided physical RAM map:
[    0.000000] BIOS-e820: [mem 0x0000000000000000-0x000000000009fbff] usable
[    0.000000] BIOS-e820: [mem 0x000000000009fc00-0x000000000009ffff] reserved
[    0.000000] BIOS-e820: [mem 0x00000000000f0000-0x00000000000fffff] reserved
[    0.000000] BIOS-e820: [mem 0x0000000000100000-0x000000002a7effff] usable
[    0.000000] BIOS-e820: [mem 0x000000002a7f0000-0x000000002a7fffff] ACPI data
[    0.000000] BIOS-e820: [mem 0x00000000fec00000-0x00000000fec00fff] reserved
[    0.000000] BIOS-e820: [mem 0x00000000fee00000-0x00000000fee00fff] reserved
[    0.000000] BIOS-e820: [mem 0x00000000fffc0000-0x00000000ffffffff] reserved
[    0.000000] NX (Execute Disable) protection: active
[    0.000000] SMBIOS 2.5 present.
[    0.000000] Hypervisor detected: KVM
[    0.000000] e820: last_pfn = 0x2a7f0 max_arch_pfn = 0x400000000
[    0.000000] MTRR: Disabled
[    0.000000] x86/PAT: MTRRs disabled, skipping PAT initialization too.
[    0.000000] CPU MTRRs all blank - virtualized system.
[    0.000000] x86/PAT: Configuration [0-7]: WB  WT  UC- UC  WB  WT  UC- UC  
[    0.000000] found SMP MP-table at [mem 0x0009fff0-0x0009ffff] mapped at [ffff88000009fff0]
[    0.000000] Scanning 1 areas for low memory corruption
[    0.000000] RAMDISK: [mem 0x290a6000-0x29f2ffff]
[    0.000000] ACPI: Early table checksum verification disabled
[    0.000000] ACPI: RSDP 0x00000000000E0000 000024 (v02 VBOX  )
[    0.000000] ACPI: XSDT 0x000000002A7F0030 00003C (v01 VBOX   VBOXXSDT 00000001 ASL  00000061)
[    0.000000] ACPI: FACP 0x000000002A7F00F0 0000F4 (v04 VBOX   VBOXFACP 00000001 ASL  00000061)
[    0.000000] ACPI: DSDT 0x000000002A7F0470 0021FF (v02 VBOX   VBOXBIOS 00000002 INTL 20160108)
[    0.000000] ACPI: FACS 0x000000002A7F0200 000040
[    0.000000] ACPI: FACS 0x000000002A7F0200 000040
[    0.000000] ACPI: APIC 0x000000002A7F0240 000054 (v02 VBOX   VBOXAPIC 00000001 ASL  00000061)
[    0.000000] ACPI: SSDT 0x000000002A7F02A0 0001CC (v01 VBOX   VBOXCPUT 00000002 INTL 20160108)
[    0.000000] No NUMA configuration found
[    0.000000] Faking a node at [mem 0x0000000000000000-0x000000002a7effff]
[    0.000000] NODE_DATA(0) allocated [mem 0x2a7eb000-0x2a7effff]
[    0.000000] kvm-clock: Using msrs 4b564d01 and 4b564d00
[    0.000000] kvm-clock: cpu 0, msr 0:2a7e3001, primary cpu clock
[    0.000000] kvm-clock: using sched offset of 8220476974 cycles
[    0.000000] clocksource: kvm-clock: mask: 0xffffffffffffffff max_cycles: 0x1cd42e4dffb, max_idle_ns: 881590591483 ns
[    0.000000] Zone ranges:
[    0.000000]   DMA      [mem 0x0000000000001000-0x0000000000ffffff]
[    0.000000]   DMA32    [mem 0x0000000001000000-0x000000002a7effff]
[    0.000000]   Normal   empty
[    0.000000]   Device   empty
[    0.000000] Movable zone start for each node
[    0.000000] Early memory node ranges
[    0.000000]   node   0: [mem 0x0000000000001000-0x000000000009efff]
[    0.000000]   node   0: [mem 0x0000000000100000-0x000000002a7effff]
[    0.000000] Initmem setup node 0 [mem 0x0000000000001000-0x000000002a7effff]
[    0.000000] ACPI: PM-Timer IO Port: 0x4008
[    0.000000] IOAPIC[0]: apic_id 1, version 32, address 0xfec00000, GSI 0-23
[    0.000000] ACPI: INT_SRC_OVR (bus 0 bus_irq 0 global_irq 2 dfl dfl)
[    0.000000] ACPI: INT_SRC_OVR (bus 0 bus_irq 9 global_irq 9 high level)
[    0.000000] Using ACPI (MADT) for SMP configuration information
[    0.000000] smpboot: Allowing 1 CPUs, 0 hotplug CPUs
[    0.000000] PM: Registered nosave memory: [mem 0x00000000-0x00000fff]
[    0.000000] PM: Registered nosave memory: [mem 0x0009f000-0x0009ffff]
[    0.000000] PM: Registered nosave memory: [mem 0x000a0000-0x000effff]
[    0.000000] PM: Registered nosave memory: [mem 0x000f0000-0x000fffff]
[    0.000000] e820: [mem 0x2a800000-0xfebfffff] available for PCI devices
[    0.000000] Booting paravirtualized kernel on KVM
[    0.000000] clocksource: refined-jiffies: mask: 0xffffffff max_cycles: 0xffffffff, max_idle_ns: 7645519600211568 ns
[    0.000000] setup_percpu: NR_CPUS:512 nr_cpumask_bits:512 nr_cpu_ids:1 nr_node_ids:1
[    0.000000] PERCPU: Embedded 33 pages/cpu @ffff88002a400000 s95640 r8192 d31336 u2097152
[    0.000000] Built 1 zonelists in Node order, mobility grouping on.  Total pages: 171224
[    0.000000] Policy zone: DMA32
[    0.000000] Kernel command line: BOOT_IMAGE=/boot/vmlinuz-4.4.0-201-generic root=LABEL=cloudimg-rootfs ro console=tty1 console=ttyS0
[    0.000000] PID hash table entries: 4096 (order: 3, 32768 bytes)
[    0.000000] Memory: 649628K/695864K available (8641K kernel code, 1337K rwdata, 4044K rodata, 1492K init, 1296K bss, 46236K reserved, 0K cma-reserved)
[    0.000000] SLUB: HWalign=64, Order=0-3, MinObjects=0, CPUs=1, Nodes=1
[    0.000000] Kernel/User page tables isolation: enabled
[    0.000000] Hierarchical RCU implementation.
[    0.000000] 	Build-time adjustment of leaf fanout to 64.
[    0.000000] 	RCU restricting CPUs from NR_CPUS=512 to nr_cpu_ids=1.
[    0.000000] RCU: Adjusting geometry for rcu_fanout_leaf=64, nr_cpu_ids=1
[    0.000000] NR_IRQS:33024 nr_irqs:256 16
[    0.000000] Console: colour VGA+ 80x25
[    0.000000] console [tty1] enabled
[    0.000000] console [ttyS0] enabled
[    0.000000] tsc: Detected 2666.760 MHz processor
[    1.327489] Calibrating delay loop (skipped) preset value.. 5333.52 BogoMIPS (lpj=10667040)
[    1.347171] pid_max: default: 32768 minimum: 301
[    1.357737] ACPI: Core revision 20150930
[    1.368631] ACPI: 2 ACPI AML tables successfully acquired and loaded
[    1.384010] Security Framework initialized
[    1.393847] Yama: becoming mindful.
[    1.402615] AppArmor: AppArmor initialized
[    1.412453] Dentry cache hash table entries: 131072 (order: 8, 1048576 bytes)
[    1.427396] Inode-cache hash table entries: 65536 (order: 7, 524288 bytes)
[    1.441686] Mount-cache hash table entries: 2048 (order: 2, 16384 bytes)
[    1.455573] Mountpoint-cache hash table entries: 2048 (order: 2, 16384 bytes)
[    1.470328] Initializing cgroup subsys io
[    1.479961] Initializing cgroup subsys memory
[    1.490133] Initializing cgroup subsys devices
[    1.500376] Initializing cgroup subsys freezer
[    1.510732] Initializing cgroup subsys net_cls
[    1.520926] Initializing cgroup subsys perf_event
[    1.531658] Initializing cgroup subsys net_prio
[    1.542034] Initializing cgroup subsys hugetlb
[    1.552340] Initializing cgroup subsys pids
[    1.562704] mce: CPU supports 0 MCE banks
[    1.572510] Last level iTLB entries: 4KB 512, 2MB 7, 4MB 7
[    1.584408] Last level dTLB entries: 4KB 512, 2MB 32, 4MB 32, 1GB 0
[    1.597640] Spectre V1 : Mitigation: usercopy/swapgs barriers and __user pointer sanitization
[    1.616846] Spectre V2 : Mitigation: Full generic retpoline
[    1.629007] Spectre V2 : Spectre v2 / SpectreRSB mitigation: Filling RSB on context switch
[    1.647400] Speculative Store Bypass: Vulnerable
[    1.658567] MDS: Vulnerable: Clear CPU buffers attempted, no microcode
[    1.787116] Freeing SMP alternatives memory: 36K
[    1.845572] ftrace: allocating 32361 entries in 127 pages
[    2.165631] smpboot: APIC(0) Converting physical 0 to logical package 0
[    2.179572] smpboot: Max logical packages: 1
[    2.192470] x2apic enabled
[    2.202594] Switched APIC routing to physical x2apic.
[    2.225718] ..TIMER: vector=0x30 apic1=0 pin1=2 apic2=-1 pin2=-1
[    2.346927] APIC calibration not consistent with PM-Timer: 240ms instead of 100ms
[    2.364425] APIC delta adjusted to PM-Timer: 6249996 (15000855)
[    2.377445] smpboot: CPU0: Intel(R) Xeon(R) CPU           X5650  @ 2.67GHz (family: 0x6, model: 0x25, stepping: 0x1)
[    2.402749] Performance Events: unsupported p6 CPU model 37 no PMU driver, software events only.
[    2.472465] KVM setup paravirtual spinlock
[    2.497993] x86: Booted up 1 node, 1 CPUs
[    2.507587] smpboot: Total of 1 processors activated (5333.52 BogoMIPS)
[    2.523079] devtmpfs: initialized
[    2.533313] evm: security.selinux
[    2.541813] evm: security.SMACK64
[    2.550254] evm: security.SMACK64EXEC
[    2.559263] evm: security.SMACK64TRANSMUTE
[    2.568896] evm: security.SMACK64MMAP
[    2.577831] evm: security.ima
[    2.585680] evm: security.capability
[    2.594666] clocksource: jiffies: mask: 0xffffffff max_cycles: 0xffffffff, max_idle_ns: 7645041785100000 ns
[    2.615806] futex hash table entries: 256 (order: 2, 16384 bytes)
[    2.628773] pinctrl core: initialized pinctrl subsystem
[    2.640865] RTC time: 15:45:33, date: 02/14/21
[    2.651221] NET: Registered protocol family 16
[    2.661666] cpuidle: using governor ladder
[    2.671355] cpuidle: using governor menu
[    2.680763] PCCT header not found.
[    2.689355] ACPI: bus type PCI registered
[    2.698964] acpiphp: ACPI Hot Plug PCI Controller Driver version: 0.5
[    2.712862] PCI: Using configuration type 1 for base access
[    2.726737] ACPI: Added _OSI(Module Device)
[    2.736539] ACPI: Added _OSI(Processor Device)
[    2.746827] ACPI: Added _OSI(3.0 _SCP Extensions)
[    2.757475] ACPI: Added _OSI(Processor Aggregator Device)
[    2.771817] ACPI: Executed 1 blocks of module-level executable AML code
[    2.791645] ACPI: Interpreter enabled
[    2.800638] ACPI: (supports S0 S5)
[    2.809282] ACPI: Using IOAPIC for interrupt routing
[    2.820718] PCI: Using host bridge windows from ACPI; if necessary, use "pci=nocrs" and report a bug
[    2.853118] ACPI: PCI Root Bridge [PCI0] (domain 0000 [bus 00-ff])
[    2.866333] acpi PNP0A03:00: _OSC: OS supports [ASPM ClockPM Segments MSI]
[    2.880531] acpi PNP0A03:00: _OSC: not requesting OS control; OS requires [ExtendedConfig ASPM ClockPM MSI]
[    2.901361] acpi PNP0A03:00: fail to add MMCONFIG information, can't access extended PCI configuration space under this bridge.
[    2.926754] PCI host bridge to bus 0000:00
[    2.936351] pci_bus 0000:00: root bus resource [io  0x0000-0x0cf7 window]
[    2.950464] pci_bus 0000:00: root bus resource [io  0x0d00-0xffff window]
[    2.964475] pci_bus 0000:00: root bus resource [mem 0x000a0000-0x000bffff window]
[    2.981854] pci_bus 0000:00: root bus resource [mem 0x2a800000-0xffdfffff window]
[    2.999175] pci_bus 0000:00: root bus resource [bus 00-ff]
[    3.028725] pci 0000:00:01.1: legacy IDE quirk: reg 0x10: [io  0x01f0-0x01f7]
[    3.043138] pci 0000:00:01.1: legacy IDE quirk: reg 0x14: [io  0x03f6]
[    3.056529] pci 0000:00:01.1: legacy IDE quirk: reg 0x18: [io  0x0170-0x0177]
[    3.071128] pci 0000:00:01.1: legacy IDE quirk: reg 0x1c: [io  0x0376]
[    3.186994] pci 0000:00:07.0: quirk: [io  0x4000-0x403f] claimed by PIIX4 ACPI
[    3.204160] pci 0000:00:07.0: quirk: [io  0x4100-0x410f] claimed by PIIX4 SMB
[    3.282492] ACPI: PCI Interrupt Link [LNKA] (IRQs 5 9 10 *11)
[    3.301941] ACPI: PCI Interrupt Link [LNKB] (IRQs 5 9 10 *11)
[    3.424375] ACPI: PCI Interrupt Link [LNKC] (IRQs 5 9 *10 11)
[    3.443365] ACPI: PCI Interrupt Link [LNKD] (IRQs 5 *9 10 11)
[    3.462744] ACPI: Enabled 2 GPEs in block 00 to 07
[    3.478111] vgaarb: setting as boot device: PCI:0000:00:02.0
[    3.490356] vgaarb: device added: PCI:0000:00:02.0,decodes=io+mem,owns=io+mem,locks=none
[    3.508710] vgaarb: loaded
[    3.516149] vgaarb: bridge control possible 0000:00:02.0
[    3.529073] SCSI subsystem initialized
[    3.538790] ACPI: bus type USB registered
[    3.548515] usbcore: registered new interface driver usbfs
[    3.560388] usbcore: registered new interface driver hub
[    3.571925] usbcore: registered new device driver usb
[    3.583716] PCI: Using ACPI for IRQ routing
[    3.596084] NetLabel: Initializing
[    3.604888] NetLabel:  domain hash size = 128
[    3.615148] NetLabel:  protocols = UNLABELED CIPSOv4
[    3.626338] NetLabel:  unlabeled traffic allowed by default
[    3.638868] amd_nb: Cannot enumerate AMD northbridges
[    3.650149] clocksource: Switched to clocksource kvm-clock
[    3.674726] AppArmor: AppArmor Filesystem Enabled
[    3.685680] pnp: PnP ACPI init
[    3.698613] pnp: PnP ACPI: found 3 devices
[    3.716757] clocksource: acpi_pm: mask: 0xffffff max_cycles: 0xffffff, max_idle_ns: 2085701024 ns
[    3.736459] NET: Registered protocol family 2
[    3.747303] TCP established hash table entries: 8192 (order: 4, 65536 bytes)
[    3.761824] TCP bind hash table entries: 8192 (order: 5, 131072 bytes)
[    3.775504] TCP: Hash tables configured (established 8192 bind 8192)
[    3.789044] UDP hash table entries: 512 (order: 2, 16384 bytes)
[    3.801874] UDP-Lite hash table entries: 512 (order: 2, 16384 bytes)
[    3.815428] NET: Registered protocol family 1
[    3.825754] pci 0000:00:00.0: Limiting direct PCI/PCI transfers
[    3.838867] pci 0000:00:01.0: Activating ISA DMA hang workarounds
[    3.853190] Unpacking initramfs...
[    4.155949] Freeing initrd memory: 14888K
[    4.165775] clocksource: tsc: mask: 0xffffffffffffffff max_cycles: 0x267095f0616, max_idle_ns: 440795338298 ns
[    4.187387] platform rtc_cmos: registered platform RTC device (no PNP device found)
[    4.204997] Scanning for low memory corruption every 60 seconds
[    4.218138] audit: initializing netlink subsys (disabled)
[    4.230024] audit: type=2000 audit(1613317542.236:1): initialized
[    4.243230] Initialise system trusted keyring
[    4.253465] HugeTLB registered 2 MB page size, pre-allocated 0 pages
[    4.268352] zbud: loaded
[    4.275842] VFS: Disk quotas dquot_6.6.0
[    4.285280] VFS: Dquot-cache hash table entries: 512 (order 0, 4096 bytes)
[    4.299830] squashfs: version 4.0 (2009/01/31) Phillip Lougher
[    4.313521] fuse init (API version 7.23)
[    4.323217] Key type big_key registered
[    4.332475] Allocating IMA MOK and blacklist keyrings.
[    4.344422] Key type asymmetric registered
[    4.354292] Asymmetric key parser 'x509' registered
[    4.365268] Block layer SCSI generic (bsg) driver version 0.4 loaded (major 249)
[    4.382380] io scheduler noop registered
[    4.391717] io scheduler deadline registered (default)
[    4.403104] io scheduler cfq registered
[    4.412381] pci_hotplug: PCI Hot Plug PCI Core version: 0.5
[    4.424464] pciehp: PCI Express Hot Plug Controller Driver version: 0.4
[    4.438506] ACPI: AC Adapter [AC] (on-line)
[    4.448330] input: Power Button as /devices/LNXSYSTM:00/LNXPWRBN:00/input/input0
[    4.466412] ACPI: Power Button [PWRF]
[    4.476098] input: Sleep Button as /devices/LNXSYSTM:00/LNXSLPBN:00/input/input1
[    4.494039] ACPI: Sleep Button [SLPF]
[    4.504066] GHES: HEST is not enabled!
[    4.513745] Serial: 8250/16550 driver, 32 ports, IRQ sharing enabled
[    4.573062] 00:02: ttyS0 at I/O 0x3f8 (irq = 4, base_baud = 115200) is a 16550A
[    4.593135] Linux agpgart interface v0.103
[    4.605699] loop: module loaded
[    4.616715] scsi host0: ata_piix
[    4.625668] scsi host1: ata_piix
[    4.634394] ata1: PATA max UDMA/33 cmd 0x1f0 ctl 0x3f6 bmdma 0xd000 irq 14
[    4.649278] ata2: PATA max UDMA/33 cmd 0x170 ctl 0x376 bmdma 0xd008 irq 15
[    4.666322] libphy: Fixed MDIO Bus: probed
[    4.678648] tun: Universal TUN/TAP device driver, 1.6
[    4.690471] tun: (C) 1999-2004 Max Krasnyansky <maxk@qualcomm.com>
[    4.704105] PPP generic driver version 2.4.2
[    4.714624] ehci_hcd: USB 2.0 'Enhanced' Host Controller (EHCI) Driver
[    4.728903] ehci-pci: EHCI PCI platform driver
[    4.739771] ehci-platform: EHCI generic platform driver
[    4.751783] ohci_hcd: USB 1.1 'Open' Host Controller (OHCI) Driver
[    4.764778] ohci-pci: OHCI PCI platform driver
[    4.774961] ohci-platform: OHCI generic platform driver
[    4.786391] uhci_hcd: USB Universal Host Controller Interface driver
[    4.800048] i8042: PNP: PS/2 Controller [PNP0303:PS2K,PNP0f03:PS2M] at 0x60,0x64 irq 1,12
[    4.820824] serio: i8042 KBD port at 0x60,0x64 irq 1
[    4.832082] serio: i8042 AUX port at 0x60,0x64 irq 12
[    4.844809] mousedev: PS/2 mouse device common for all mice
[    4.857802] input: AT Translated Set 2 keyboard as /devices/platform/i8042/serio0/input/input2
[    4.877676] rtc_cmos rtc_cmos: rtc core: registered rtc_cmos as rtc0
[    4.890880] rtc_cmos rtc_cmos: alarms up to one day, 114 bytes nvram
[    4.903934] i2c /dev entries driver
[    4.912196] device-mapper: uevent: version 1.0.3
[    4.922239] device-mapper: ioctl: 4.34.0-ioctl (2015-10-28) initialised: dm-devel@redhat.com
[    4.940101] ledtrig-cpu: registered to indicate activity on CPUs
[    4.969589] NET: Registered protocol family 10
[    4.995106] NET: Registered protocol family 17
[    5.004746] Key type dns_resolver registered
[    5.014505] registered taskstats version 1
[    5.023755] Loading compiled-in X.509 certificates
[    5.034929] Loaded X.509 cert 'Build time autogenerated kernel key: 9e5e2330314f2a00b0409bdb338e201244d5149f'
[    5.054844] zswap: loaded using pool lzo/zbud
[    5.067117] Key type trusted registered
[    5.080501] Key type encrypted registered
[    5.089542] AppArmor: AppArmor sha1 policy hashing enabled
[    5.100870] ima: No TPM chip found, activating TPM-bypass!
[    5.112080] ima: Allocated hash algorithm: sha1
[    5.121996] evm: HMAC attrs: 0x1
[    5.132355]   Magic number: 9:852:790
[    5.141665] rtc_cmos rtc_cmos: setting system clock to 2021-02-14 15:45:36 UTC (1613317536)
[    5.159845] BIOS EDD facility v0.16 2004-Jun-25, 0 devices found
[    5.172031] EDD information not available.
[    5.186608] Freeing unused kernel memory: 1492K
[    5.203703] Write protecting the kernel read-only data: 14336k
[    5.252225] Freeing unused kernel memory: 1588K
[    5.276053] Freeing unused kernel memory: 52K
Loading, please wait...
starting version 229
[    5.314576] random: udevadm: uninitialized urandom read (16 bytes read, 3 bits of entropy available)
[    5.335114] random: systemd-udevd: uninitialized urandom read (16 bytes read, 3 bits of entropy available)
[    5.355479] random: systemd-udevd: uninitialized urandom read (16 bytes read, 3 bits of entropy available)
[    5.375242] random: udevadm: uninitialized urandom read (16 bytes read, 3 bits of entropy available)
[    5.394187] random: systemd-udevd: uninitialized urandom read (16 bytes read, 3 bits of entropy available)
[    5.431929] random: systemd-udevd: uninitialized urandom read (16 bytes read, 3 bits of entropy available)
[    5.453536] random: udevadm: uninitialized urandom read (16 bytes read, 3 bits of entropy available)
[    5.473352] random: systemd-udevd: uninitialized urandom read (16 bytes read, 3 bits of entropy available)
[    5.492865] random: udevadm: uninitialized urandom read (16 bytes read, 3 bits of entropy available)
[    5.511492] random: systemd-udevd: uninitialized urandom read (16 bytes read, 3 bits of entropy available)
[    5.645152] e1000: Intel(R) PRO/1000 Network Driver - version 7.3.21-k8-NAPI
[    5.658655] e1000: Copyright (c) 1999-2006 Intel Corporation.
[    5.677372] Fusion MPT base driver 3.04.20
[    5.686481] Copyright (c) 1999-2008 LSI Corporation
[    5.765957] SSE version of gcm_enc/dec engaged.
[    5.811093] Fusion MPT SPI Host driver 3.04.20
[    5.956226] input: ImExPS/2 Generic Explorer Mouse as /devices/platform/i8042/serio1/input/input4
[    6.817098] e1000 0000:00:03.0 eth0: (PCI:33MHz:32-bit) 02:0f:4d:7a:2e:0f
[    6.830391] e1000 0000:00:03.0 eth0: Intel(R) PRO/1000 Network Connection
[    6.845589] mptbase: ioc0: Initiating bringup
[    6.919950] ioc0: LSI53C1030 A0: Capabilities={Initiator}
[    7.105162] scsi host2: ioc0: LSI53C1030 A0, FwRev=00000000h, Ports=1, MaxQ=256, IRQ=20
[    7.238781] scsi 2:0:0:0: Direct-Access     VBOX     HARDDISK         1.0  PQ: 0 ANSI: 5
[    7.256717] scsi target2:0:0: Beginning Domain Validation
[    7.271744] scsi target2:0:0: Domain Validation skipping write tests
[    7.284662] scsi target2:0:0: Ending Domain Validation
[    7.295731] scsi target2:0:0: asynchronous
[    7.306011] scsi 2:0:1:0: Direct-Access     VBOX     HARDDISK         1.0  PQ: 0 ANSI: 5
[    7.363246] scsi target2:0:1: Beginning Domain Validation
[    7.516040] scsi target2:0:1: Domain Validation skipping write tests
[    7.531580] scsi target2:0:1: Ending Domain Validation
[    7.579622] scsi target2:0:1: asynchronous
[    7.840549] sd 2:0:0:0: Attached scsi generic sg0 type 0
[    7.851459] sd 2:0:0:0: [sda] 83886080 512-byte logical blocks: (42.9 GB/40.0 GiB)
[    7.882444] sd 2:0:1:0: [sdb] 20480 512-byte logical blocks: (10.5 MB/10.0 MiB)
[    7.898665] sd 2:0:1:0: Attached scsi generic sg1 type 0
[    7.910134] sd 2:0:0:0: [sda] Write Protect is off
[    7.934232] sd 2:0:0:0: [sda] Incomplete mode parameter data
[    8.049393] sd 2:0:0:0: [sda] Assuming drive cache: write through
[    8.063817] sd 2:0:1:0: [sdb] Write Protect is off
[    8.099530] sd 2:0:1:0: [sdb] Incomplete mode parameter data
[    8.110938] sd 2:0:1:0: [sdb] Assuming drive cache: write through
[    8.190555] sd 2:0:1:0: [sdb] Attached SCSI disk
[    8.295006]  sda: sda1
[    8.315476] sd 2:0:0:0: [sda] Attached SCSI disk
[    8.752968] e1000 0000:00:08.0 eth1: (PCI:33MHz:32-bit) 08:00:27:4a:4c:b1
[    8.766396] e1000 0000:00:08.0 eth1: Intel(R) PRO/1000 Network Connection
[    8.782976] e1000 0000:00:08.0 enp0s8: renamed from eth1
[    8.797405] e1000 0000:00:03.0 enp0s3: renamed from eth0
Begin: Loading essential drivers ... [   12.759853] md: linear personality registered for level -1
[   12.775566] md: multipath personality registered for level -4
[   12.791768] md: raid0 personality registered for level 0
[   12.810378] md: raid1 personality registered for level 1
[   12.908350] raid6: sse2x1   gen()  7484 MB/s
[   12.988346] raid6: sse2x1   xor()  5962 MB/s
[   13.068368] raid6: sse2x2   gen()  8909 MB/s
[   13.148342] raid6: sse2x2   xor()  4051 MB/s
[   13.248356] raid6: sse2x4   gen() 10223 MB/s
[   13.328357] raid6: sse2x4   xor()  7482 MB/s
[   13.337939] raid6: using algorithm sse2x4 gen() 10223 MB/s
[   13.349174] raid6: .... xor() 7482 MB/s, rmw enabled
[   13.362377] raid6: using ssse3x2 recovery algorithm
[   13.390779] xor: measuring software checksum speed
[   13.478361]    prefetch64-sse: 28645.000 MB/sec
[   13.578370]    generic_sse: 25319.000 MB/sec
[   13.587646] xor: using function: prefetch64-sse (28645.000 MB/sec)
[   13.602613] async_tx: api initialized (async)
[   13.638426] md: raid6 personality registered for level 6
[   13.649313] md: raid5 personality registered for level 5
[   13.660325] md: raid4 personality registered for level 4
[   13.683931] md: raid10 personality registered for level 10
done.
Begin: Running /scripts/init-premount ... done.
Begin: Mounting root file system ... Begin: Running /scripts/local-top ... done.
Begin: Running /scripts/local-premount ... [   13.781518] Btrfs loaded
Scanning for Btrfs filesystems
done.
Warning: fsck not present, so skipping root file system
[   13.888722] EXT4-fs (sda1): mounted filesystem with ordered data mode. Opts: (null)
done.
Begin: Running /scripts/local-bottom ... done.
Begin: Running /scripts/init-bottom ... done.
[   14.255104] systemd[1]: systemd 229 running in system mode. (+PAM +AUDIT +SELINUX +IMA +APPARMOR +SMACK +SYSVINIT +UTMP +LIBCRYPTSETUP +GCRYPT +GNUTLS +ACL +XZ -LZ4 +SECCOMP +BLKID +ELFUTILS +KMOD -IDN)
[   14.298485] systemd[1]: Detected virtualization oracle.
[   14.309755] systemd[1]: Detected architecture x86-64.

Welcome to [1mUbuntu 16.04.7 LTS[0m!

[   14.339116] systemd[1]: Set hostname to <ubuntu-xenial>.
[   14.707461] systemd[1]: Listening on Syslog Socket.
[[0;32m  OK  [0m] Listening on Syslog Socket.
[   14.731549] systemd[1]: Reached target Swap.
[[0;32m  OK  [0m] Reached target Swap.
[   14.753912] systemd[1]: Listening on Device-mapper event daemon FIFOs.
[[0;32m  OK  [0m] Listening on Device-mapper event daemon FIFOs.
[   14.781997] systemd[1]: Reached target User and Group Name Lookups.
[[0;32m  OK  [0m] Reached target User and Group Name Lookups.
[   14.809418] systemd[1]: Listening on /dev/initctl Compatibility Named Pipe.
[[0;32m  OK  [0m] Listening on /dev/initctl Compatibility Named Pipe.
[   14.838840] systemd[1]: Listening on LVM2 poll daemon socket.
[[0;32m  OK  [0m] Listening on LVM2 poll daemon socket.
[   14.864816] systemd[1]: Reached target Encrypted Volumes.
[[0;32m  OK  [0m] Reached target Encrypted Volumes.
[   14.891275] systemd[1]: Created slice User and Session Slice.
[[0;32m  OK  [0m] Created slice User and Session Slice.
[   14.918020] systemd[1]: Listening on Journal Socket (/dev/log).
[[0;32m  OK  [0m] Listening on Journal Socket (/dev/log).
[   14.945260] systemd[1]: Listening on Journal Audit Socket.
[[0;32m  OK  [0m] Listening on Journal Audit Socket.
[   14.971546] systemd[1]: Started Trigger resolvconf update for networkd DNS.
[[0;32m  OK  [0m] Started Trigger resolvconf update for networkd DNS.
[   15.001638] systemd[1]: Started Forward Password Requests to Wall Directory Watch.
[[0;32m  OK  [0m] Started Forward Password Requests to Wall Directory Watch.
[   15.035695] systemd[1]: Listening on udev Control Socket.
[[0;32m  OK  [0m] Listening on udev Control Socket.
[   15.062183] systemd[1]: Created slice System Slice.
[[0;32m  OK  [0m] Created slice System Slice.
[   15.086861] systemd[1]: Created slice system-serial\x2dgetty.slice.
[[0;32m  OK  [0m] Created slice system-serial\x2dgetty.slice.
[   15.115116] systemd[1]: Reached target Slices.
[[0;32m  OK  [0m] Reached target Slices.
[   15.138392] systemd[1]: Listening on LVM2 metadata daemon socket.
[[0;32m  OK  [0m] Listening on LVM2 metadata daemon socket.
[   15.166022] systemd[1]: Listening on Journal Socket.
[[0;32m  OK  [0m] Listening on Journal Socket.
[   15.191724] systemd[1]: Starting Nameserver information manager...
[   15.208352] random: nonblocking pool is initialized
         Starting Nameserver information manager...
[   15.234458] systemd[1]: Starting Journal Service...
         Starting Journal Service...
[   15.262548] systemd[1]: Starting Monitoring of LVM2 mirrors, snapshots etc. using dmeventd or progress polling...
         Starting Monitoring of LVM2 mirrors... dmeventd or progress polling...
[   15.304751] systemd[1]: Starting Uncomplicated firewall...
         Starting Uncomplicated firewall...
[   15.366380] systemd[1]: Starting Set console keymap...
         Starting Set console keymap...
[   15.431347] systemd[1]: Starting Create list of required static device nodes for the current kernel...
         Starting Create list of required st... nodes for the current kernel...
[   15.504790] systemd[1]: Starting Load Kernel Modules...
         Starting Load Kernel Modules...
[   15.558921] systemd[1]: Starting Remount Root and Kernel File Systems...
         Starting Remount Root and Kernel File Systems...[   15.611733] Loading iSCSI transport class v2.0-870.

[   15.626798] systemd[1]: Mounting POSIX Message Queue File System...
[   15.647334] EXT4-fs (sda1): re-mounted. Opts: (null)
         Mounting POSIX Message Queue File System...
[   15.675419] systemd[1]: Mounting Huge Pages File System...
[   15.701423] iscsi: registered transport (tcp)
         Mounting Huge Pages File System...
[   15.725938] systemd[1]: Mounting Debug File System...
         Mounting Debug File System...
[   15.763851] systemd[1]: Listening on udev Kernel Socket.
[[0;32m  OK  [0m] Listening on udev Kernel Socket.
[   15.802243] systemd[1]: Set up automount Arbitrary Executable File Formats File System Automount Point.
[[0;32m  OK  [0m] Set up automount Arbitrary Executab...ats File System Automount Point.
[   15.847148] systemd[1]: Reached target System Time Synchronized.
[   15.865991] iscsi: registered transport (iser)
[[0;32m  OK  [0m] Reached target System Time Synchronized.
[   15.893634] systemd[1]: Mounted POSIX Message Queue File System.
[[0;32m  OK  [0m] Mounted POSIX Message Queue File System.
[   15.924256] systemd[1]: Mounted Huge Pages File System.
[[0;32m  OK  [0m] Mounted Huge Pages File System.
[   15.949777] systemd[1]: Mounted Debug File System.
[[0;32m  OK  [0m] Mounted Debug File System.
[   15.974390] systemd[1]: Started Journal Service.
[[0;32m  OK  [0m] Started Journal Service.
[[0;32m  OK  [0m] Started Uncomplicated firewall.
[[0;32m  OK  [0m] Started Set console keymap.
[[0;32m  OK  [0m] Started Create list of required sta...ce nodes for the current kernel.
[[0;32m  OK  [0m] Started Load Kernel Modules.
[[0;32m  OK  [0m] Started Remount Root and Kernel File Systems.
[[0;32m  OK  [0m] Started Nameserver information manager.
[[0;32m  OK  [0m] Started LVM2 metadata daemon.
         Starting udev Coldplug all Devices...
         Starting Load/Save Random Seed...
         Mounting FUSE Control File System...
         Starting Apply Kernel Variables...
         Starting Create Static Device Nodes in /dev...
         Starting Flush Journal to Persistent Storage...
[[0;32m  OK  [0m] Mounted FUSE Control File System.
[[0;32m  OK  [0m] Started Load/Save Random Seed.
[[0;32m  OK  [0m] Started Monitoring of LVM2 mirrors,...ng dmeventd or progress polling.
[[0;32m  OK  [0m] Started Apply Kernel Variables.
[[0;32m  OK  [0m] Started Create Static Device Nodes in /dev.
[[0;32m  OK  [0m] Started udev Coldplug all Devices.
         Starting udev Kernel Device Manager...
[[0;32m  OK  [0m] Reached target Local File Systems (Pre).
         Mounting /vagrant...
[[0;32m  OK  [0m] Reached target Local File Systems.
         Starting Tell Plymouth To Write Out Runtime Data...
         Starting Initial cloud-init job (pre-networking)...
         Starting LSB: AppArmor initialization...
         Starting Set console font and keymap...
[[0;32m  OK  [0m] Started udev Kernel Device Manager.
[[0;32m  OK  [0m] Started Flush Journal to Persistent Storage.
[[0;1;31mFAILED[0m] Failed to mount /vagrant.
See 'systemctl status vagrant.mount' for details.
[[0;32m  OK  [0m] Started Tell Plymouth To Write Out Runtime Data.
         Starting Create Volatile Files and Directories...
[[0;32m  OK  [0m] Started Dispatch Password Requests to Console Directory Watch.
[[0;32m  OK  [0m] Started Create Volatile Files and Directories.
[[0;32m  OK  [0m] Started LSB: AppArmor initialization.
[[0;32m  OK  [0m] Found device /dev/ttyS0.
[[   17.286497] [0;32m  OK  [0m] Started Initial cloud-init job (pre-networking).cloud-init[479]: 
Cloud-init v. 20.4.1-0ubuntu1~16.04.1 running 'init-local' at Sun, 14 Feb 2021 15:45:50 +0000. Up 16.45 seconds.
[[0;32m  OK  [0m] Reached target Network (Pre).
[[0;32m  OK  [0m] Listening on Load/Save RF Kill Switch Status /dev/rfkill Watch.
[[0;32m  OK  [0m] Started ifup for enp0s8.
[[0;32m  OK  [0m] Started ifup for enp0s3.
         Starting Load AppArmor profiles managed internally by snapd...
         Starting Raise network interfaces...
         Starting Update UTMP about System Boot/Shutdown...
[[0;32m  OK  [0m] Started Load AppArmor profiles managed internally by snapd.
[[0;32m  OK  [0m] Started Set console font and keymap.
[[0;32m  OK  [0m] Found device 82540EM Gigabit Ethern...r (PRO/1000 MT Desktop Adapter).
[[0;32m  OK  [0m] Found device 82540EM Gigabit Ethern...r (PRO/1000 MT Desktop Adapter).
[[0;32m  OK  [0m] Created slice system-getty.slice.
[[0;32m  OK  [0m] Started Update UTMP about System Boot/Shutdown.
[[0;32m  OK  [0m] Started Raise network interfaces.
         Starting Initial cloud-init job (metadata service crawler)...
[[0;32m  OK  [0m] Reached target Network.
[   26.290713] cloud-init[1093]: Cloud-init v. 20.4.1-0ubuntu1~16.04.1 running 'init' at Sun, 14 Feb 2021 15:45:59 +0000. Up 25.80 seconds.
[   26.328991] cloud-init[1093]: ci-info: ++++++++++++++++++++++++++++++++++++++Net device info+++++++++++++++++++++++++++++++++++++++
[   26.359419] cloud-init[1093]: ci-info: +--------+------+-----------------------------+---------------+--------+-------------------+
[   26.406894] cloud-init[1093]: ci-info: | Device |  Up  |           Address           |      Mask     | Scope  |     Hw-Address    |[[0;32m  OK  [0m] Started Initial cloud-init job (metadata service crawler).
[   26.439318] cloud-init[1093]: ci-info: +--------+------+-----------------------------+---------------+--------+-------------------+
[[0;32m  OK  [0m] Reached target System Initialization.
[   26.468040] 
cloud-init[1093]: ci-info: | enp0s3 | True |          10.0.2.15          | 255.255.255.0 | global | 02:0f:4d:7a:2e:0f |[[0;32m  OK  [0m] 
[   26.494012] Started Daily apt download activities.cloud-init[1093]: ci-info: | enp0s3 | True |  fe80::f:4dff:fe7a:2e0f/64  |       .       |  link  | 02:0f:4d:7a:2e:0f |
[[0;32m  OK  [0m] Listening on D-Bus System Message Bus Socket.

[[0;32m  OK  [0m] [   26.536929] cloud-initStarted Clean PHP session files every 30 mins.[1093]: ci-info: | enp0s8 | True |          10.20.0.11         | 255.255.255.0 | global | 08:00:27:4a:4c:b1 |
[   26.545429] cloud-init[1093]: ci-info: | enp0s8 | True | fe80::a00:27ff:fe4a:4cb1/64 |       .       |  link  | 08:00:27:4a:4c:b1 |
[   26.545527] cloud-init[1093]: ci-info: |   lo   | True |          127.0.0.1          |   255.0.0.0   |  host  |         .         |
[   26.545647] cloud-init[1093]: ci-info: |   lo   | True |           ::1/128           |       .       |  host  |         .         |
[   26.545742] cloud-init[1093]: ci-info: +--------+------+-----------------------------+---------------+--------+-------------------+
[   26.545861] cloud-init[1093]: ci-info: +++++++++++++++++++++++++++Route IPv4 info++++++++++++++++++++++++++++
[   26.545957] cloud-init[1093]: ci-info: +-------+-------------+----------+---------------+-----------+-------+
[   26.546091] cloud-init[1093]: ci-info: | Route | Destination | Gateway  |    Genmask    | Interface | Flags |
[   26.546187] cloud-init[1093]: ci-info: +-------+-------------+----------+---------------+-----------+-------+
[   26.546308] cloud-init[1093]: ci-info: |   0   |   0.0.0.0   | 10.0.2.2 |    0.0.0.0    |   enp0s3  |   UG  |

[[0;32m  OK  [0m[   26.658192] cloud-init] Started ACPI Events Check.[1093]: ci-info: |   1   |   10.0.2.0  | 0.0.0.0  | 255.255.255.0 |   enp0s3  |   U   |
[[0;32m  OK  [0m] Reached target Paths.

[   26.697562]          Starting LXD - unix socket.cloud-init[1093]: ci-info: |   2   |  10.20.0.0  | 0.0.0.0  | 255.255.255.0 |   enp0s8  |   U   |
[[0;32m  OK  [0m] Started Daily Cleanup of Temporary Directories.
[[0;32m  OK  [0m] Started Daily apt upgrade and clean activities.
[[0;32m  OK  [0m] Listening on ACPID Listen Socket.
         Starting Socket activation for snappy daemon.
[[0;32m  OK  [0m] Started Message of the Day.
[[0;32m  OK  [0m] Reached target Timers.
[[0;32m  OK  [0m] Listening on UUID daemon activation socket.
[[0;32m  OK  [0m] Reached target Network is Online.
         Starting iSCSI initiator daemon (iscsid)...
[[0;32m  OK  [0m] Reached target Cloud-config availability.

[   26.799784] [[0;32m  OK  [0mcloud-init] Listening on LXD - unix socket.[1093]: ci-info: +-------+-------------+----------+---------------+-----------+-------+
[[0;32m  OK  [0m] Listening on Socket activation for snappy daemon.
[   26.839648] cloud-init[1093]: 
[ci-info: +++++++++++++++++++Route IPv6 info+++++++++++++++++++[0;32m  OK  [0m] Reached target Sockets.
[[0;32m  OK  [0m] Reached target Basic System.
[[0;32m  OK  [0m] Started Deferred execution scheduler.
         Starting The PHP 8.0 FastCGI Process Manager...
         Starting LXD - container startup/shutdown...

[[   26.932954] cloud-init[0;32m  OK  [0m] [1093]: Started FUSE filesystem for LXC.ci-info: +-------+-------------+---------+-----------+-------+

[   26.961220]          Starting OpenBSD Secure Shell server...cloud-init[1093]: ci-info: | Route | Destination | Gateway | Interface | Flags |
         Starting LSB: MD monitoring daemon...
[
[0;32m  OK  [0m] Started Regular background program processing daemon.
         Starting Virtualbox guest utils...
         [   27.074516] Starting /etc/rc.local Compatibility...
         Starting A high performance web server and a reverse proxy server...
         Starting MySQL Community Server...
         Starting LSB: Record successful boot for GRUB...
[[0;32m  OK  [0m] Started ACPI event daemon.
         Starting Clean php session files...
         Starting Snap Daemon...
         Starting Accounts Service...
[[0;32m  OK  [0m] Started D-Bus System Message Bus.
cloud-init[1093]: ci-info: +-------+-------------+---------+-----------+-------+
[   27.292527] cloud-init[1093]: ci-info: |   0   |  fe80::/64  |    ::   |   enp0s8  |   U   |         Starting Login Service...
         Starting System Logging Service...
[[0;32m  OK  [0m] Started iSCSI initiator daemon (iscsid).
[[0;32m  OK  [0m] Started /etc/rc.local Compatibility.
         Starting Login to default iSCSI targets...

[[0;32m  OK  [0m] Started Login Service.
[[0;32m  OK  [0m] Started Unattended Upgrades Shutdown.[   27.727680] 
[[0;32m  OK  [0m] Started System Logging Service.
[[0;32m  OK  [0m] Started OpenBSD Secure Shell server.cloud-init
[[0;32m  OK  [0m] Started LSB: Record successful boot for GRUB.
[[0;32m  OK  [0m] Started Login to default iSCSI targets.
[[0;32m  OK  [0m] Reached target Remote File Systems (Pre).
[[0;32m  OK  [0m] Reached target Remote File Systems.
         Starting LSB: Apache2 web server...
         Starting LSB: daemon to balance interrupts for SMP systems...
         Starting LSB: automatic crash report generation...
         Starting Permit User Sessions...
         Starting LSB: Set the CPU Frequency Scaling governor to "ondemand"...
[1093]: ci-info: |   1   |  fe80::/64  |    ::   |   enp0s3  |   U   |
[   28.023957] [[0;32m  OK  [0m] Started LXD - container startup/shutdown.
[[0;32m  OK  [0m] cloud-initStarted LSB: MD monitoring daemon.
[[0;32m  OK  [0m] Started Permit User Sessions.
         Starting Terminate Plymouth Boot Screen...
         Starting Hold until boot process finishes up...
[[0;32m  OK  [0m[1093]: ] Started Terminate Plymouth Boot Screen.
[[0;32m  OK  [0m] Started Hold until boot process finishes up.ci-info: |   6   |   ff00::/8  |    ::   |   enp0s8  |   U   |
[[0;32m  OK  [0m] Started Serial Getty on ttyS0.
[[0;32m  OK  [0m] Started Getty on tty1.
[[0;32m  OK  [0m] Reached target Login Prompts.
         Starting Set console scheme...
[[0;32m  OK  [0m] Started LSB: Set the CPU Frequency Scaling governor to "ondemand".
[[0;32m  OK  [0m] Started Set console scheme.

[   28.473940] cloud-init[[0;1;31mFAILED[0m] Failed to start LSB: Apache2 web server.
See 'systemctl status apache2.service' for details.
[1093]: ci-info: |   7   |   ff00::/8  |    ::   |   enp0s3  |   U   |
[   28.567309] [[0;32m  OK  [0m] Started LSB: daemon to balance interrupts for SMP systems.cloud-init[1093]: ci-info: +-------+-------------+---------+-----------+-------+

[[0;32m  OK  [0m] Created slice User Slice of vagrant.
[[0;32m  OK  [0m] Started A high performance web server and a reverse proxy server.
         Starting User Manager for UID 1000...
[[0;32m  OK  [0m] Started Session 1 of user vagrant.
[[0;32m  OK  [0m] Started User Manager for UID 1000.
         Starting Authenticate and Authorize Users to Run Privileged Tasks...
[[0;32m  OK  [0m] Started Authenticate and Authorize Users to Run Privileged Tasks.
[[0;32m  OK  [0m] Started Accounts Service.
[[0;32m  OK  [0m] Started LSB: automatic crash report generation.
[[0;32m  OK  [0m] Started Virtualbox guest utils.
[[0;32m  OK  [0m] Started The PHP 8.0 FastCGI Process Manager.
[[0;32m  OK  [0m] Started Snap Daemon.
         Starting Wait until snapd is fully seeded...
[[0;32m  OK  [0m] Started Wait until snapd is fully seeded.
[[0;32m  OK  [0m] Started Clean php session files.
         Starting Apply the settings specified in cloud-config...
[   32.428536] cloud-init[1547]: Cloud-init v. 20.4.1-0ubuntu1~16.04.1 running 'modules:config' at Sun, 14 Feb 2021 15:46:05 +0000. Up 31.89 seconds.
[[0;32m  OK  [0m] Started Apply the settings specified in cloud-config.
[[0;32m  OK  [0m] Started MySQL Community Server.
[[0;32m  OK  [0m] Reached target Multi-User System.
[[0;32m  OK  [0m] Reached target Graphical Interface.
         Starting Update UTMP about System Runlevel Changes...
         Starting Execute cloud user/final scripts...
[[0;32m  OK  [0m] Started Update UTMP about System Runlevel Changes.
[   34.112764] cloud-init[1637]: Cloud-init v. 20.4.1-0ubuntu1~16.04.1 running 'modules:final' at Sun, 14 Feb 2021 15:46:07 +0000. Up 33.88 seconds.
[   34.179415] cloud-init[1637]: Cloud-init v. 20.4.1-0ubuntu1~16.04.1 finished at Sun, 14 Feb 2021 15:46:08 +0000. Datasource DataSourceNoCloud [seed=/dev/sdb][dsmode=net].  Up 34.09 seconds

Ubuntu 16.04.7 LTS ubuntu-xenial ttyS0

ubuntu-xenial login: 